<?xml version="1.0" encoding="UTF-8"?>
<!-- Generated by org.testng.reporters.JUnitReportReporter -->
<testsuite skipped="0" hostname="RSI1594" name="br.com.rsinet.hub_tdd.test.PesquisaProdutoTest" tests="2" failures="0" timestamp="20 Jan 2020 12:38:09 GMT" time="25.629" errors="0">
  <testcase name="naoDeveAddMaisDezProdutoNoCarrinhoDeCompras" time="13.694" classname="br.com.rsinet.hub_tdd.test.PesquisaProdutoTest"/>
  <testcase name="deveProcurarProdutoPorHomePage" time="11.935" classname="br.com.rsinet.hub_tdd.test.PesquisaProdutoTest"/>
</testsuite> <!-- br.com.rsinet.hub_tdd.test.PesquisaProdutoTest -->
