<?xml version="1.0" encoding="UTF-8"?>
<!-- Generated by org.testng.reporters.JUnitReportReporter -->
<testsuite skipped="0" hostname="RSI1594" name="br.com.rsinet.hub_tdd.test.CadastraUsuarioTest" tests="1" failures="0" timestamp="15 jan 2020 13:35:15 GMT" time="16.272" errors="0">
  <testcase name="deveCadastrarUsuarioNovoTest" time="16.272" classname="br.com.rsinet.hub_tdd.test.CadastraUsuarioTest"/>
</testsuite> <!-- br.com.rsinet.hub_tdd.test.CadastraUsuarioTest -->
