<?xml version="1.0" encoding="UTF-8"?>
<!-- Generated by org.testng.reporters.JUnitReportReporter -->
<testsuite skipped="0" hostname="RSI1594" name="br.com.rsinet.hub_tdd.test.FiltraProdutoTest" tests="2" failures="0" timestamp="23 Jan 2020 19:33:23 GMT" time="24.326" errors="0">
  <testcase name="procuraProdutoInexistentePelaLupaDePesquisa" time="12.233" classname="br.com.rsinet.hub_tdd.test.FiltraProdutoTest"/>
  <testcase name="procuraProdutoExistentePelaLupaDePesquisa" time="12.093" classname="br.com.rsinet.hub_tdd.test.FiltraProdutoTest"/>
</testsuite> <!-- br.com.rsinet.hub_tdd.test.FiltraProdutoTest -->
