<?xml version="1.0" encoding="UTF-8"?>
<!-- Generated by org.testng.reporters.JUnitReportReporter -->
<testsuite hostname="DESKTOP-U784KFP" failures="0" tests="2" name="br.com.rsinet.hub_tdd.test.PesquisaProdutoTest" time="29.129" errors="0" timestamp="18 Jan 2020 23:24:00 GMT" skipped="0">
  <testcase classname="br.com.rsinet.hub_tdd.test.PesquisaProdutoTest" name="naoDeveAddMaisDezProdutoNoCarrinhoDeCompras" time="16.032"/>
  <testcase classname="br.com.rsinet.hub_tdd.test.PesquisaProdutoTest" name="deveProcurarProdutoPorHomePage" time="13.097"/>
</testsuite> <!-- br.com.rsinet.hub_tdd.test.PesquisaProdutoTest -->
