<?xml version="1.0" encoding="UTF-8"?>
<!-- Generated by org.testng.reporters.JUnitReportReporter -->
<testsuite skipped="0" hostname="RSI1594" name="br.com.rsinet.hub_tdd.test.CadastraUsuarioTest" tests="2" failures="0" timestamp="21 Jan 2020 17:13:03 GMT" time="29.476" errors="0">
  <testcase name="deveCadastrarUsuarioNovoTest" time="14.615" classname="br.com.rsinet.hub_tdd.test.CadastraUsuarioTest"/>
  <testcase name="deveValidarCamposObrigatorioDoCadastroTest" time="14.861" classname="br.com.rsinet.hub_tdd.test.CadastraUsuarioTest"/>
</testsuite> <!-- br.com.rsinet.hub_tdd.test.CadastraUsuarioTest -->
