<?xml version="1.0" encoding="UTF-8"?>
<!-- Generated by org.testng.reporters.JUnitReportReporter -->
<testsuite hostname="DESKTOP-U784KFP" failures="0" tests="1" name="br.com.rsinet.hub_tdd.test.FiltraProdutoTest" time="16.476" errors="0" timestamp="18 Jan 2020 23:22:54 GMT" skipped="0">
  <testcase classname="br.com.rsinet.hub_tdd.test.FiltraProdutoTest" name="procuraProdutoInexistentePelaLupaDePesquisa" time="16.476"/>
</testsuite> <!-- br.com.rsinet.hub_tdd.test.FiltraProdutoTest -->
