<?xml version="1.0" encoding="UTF-8"?>
<!-- Generated by org.testng.reporters.JUnitReportReporter -->
<testsuite skipped="0" hostname="RSI1594" name="br.com.rsinet.hub_tdd.test.CadastraUsuarioTest" tests="1" failures="0" timestamp="20 Jan 2020 18:51:04 GMT" time="14.525" errors="0">
  <testcase name="deveValidarCamposObrigatorioDoCadastroTest" time="14.525" classname="br.com.rsinet.hub_tdd.test.CadastraUsuarioTest"/>
</testsuite> <!-- br.com.rsinet.hub_tdd.test.CadastraUsuarioTest -->
