<?xml version="1.0" encoding="UTF-8"?>
<!-- Generated by org.testng.reporters.JUnitReportReporter -->
<testsuite skipped="0" hostname="RSI1594" name="br.com.rsinet.hub_tdd.test.CadastraUsuarioTest" tests="2" failures="0" timestamp="16 Jan 2020 11:23:36 GMT" time="29.608" errors="0">
  <testcase name="deveValidarCamposObrigatorioDoCadastroTest" time="14.901" classname="br.com.rsinet.hub_tdd.test.CadastraUsuarioTest"/>
  <testcase name="deveCadastrarUsuarioNovoTest" time="14.707" classname="br.com.rsinet.hub_tdd.test.CadastraUsuarioTest"/>
</testsuite> <!-- br.com.rsinet.hub_tdd.test.CadastraUsuarioTest -->
