<?xml version="1.0" encoding="UTF-8"?>
<!-- Generated by org.testng.reporters.JUnitReportReporter -->
<testsuite skipped="0" hostname="RSI1594" name="br.com.rsinet.hub_tdd.test.FiltraProdutoTest" tests="2" failures="0" timestamp="15 Jan 2020 19:50:34 GMT" time="27.069" errors="0">
  <testcase name="procuraProdutoInexistentePelaLupaDePesquisa" time="13.618" classname="br.com.rsinet.hub_tdd.test.FiltraProdutoTest"/>
  <testcase name="procuraProdutoExistentePelaLupaDePesquisa" time="13.451" classname="br.com.rsinet.hub_tdd.test.FiltraProdutoTest"/>
</testsuite> <!-- br.com.rsinet.hub_tdd.test.FiltraProdutoTest -->
