<?xml version="1.0" encoding="UTF-8"?>
<!-- Generated by org.testng.reporters.JUnitReportReporter -->
<testsuite skipped="0" hostname="RSI1594" name="br.com.rsinet.hub_tdd.test.FiltraProdutoTest" tests="2" failures="0" timestamp="27 Jan 2020 13:13:07 GMT" time="24.084" errors="0">
  <testcase name="procuraProdutoInexistentePelaLupaDePesquisa" time="12.119" classname="br.com.rsinet.hub_tdd.test.FiltraProdutoTest"/>
  <testcase name="procuraProdutoExistentePelaLupaDePesquisa" time="11.965" classname="br.com.rsinet.hub_tdd.test.FiltraProdutoTest"/>
</testsuite> <!-- br.com.rsinet.hub_tdd.test.FiltraProdutoTest -->
