<?xml version="1.0" encoding="UTF-8"?>
<!-- Generated by org.testng.reporters.JUnitReportReporter -->
<testsuite skipped="0" hostname="RSI1594" name="br.com.rsinet.hub_tdd.test.FiltraProdutoTest" tests="2" failures="0" timestamp="20 Jan 2020 12:44:51 GMT" time="27.249" errors="0">
  <testcase name="procuraProdutoExistentePelaLupaDePesquisa" time="12.143" classname="br.com.rsinet.hub_tdd.test.FiltraProdutoTest"/>
  <testcase name="procuraProdutoInexistentePelaLupaDePesquisa" time="15.106" classname="br.com.rsinet.hub_tdd.test.FiltraProdutoTest"/>
</testsuite> <!-- br.com.rsinet.hub_tdd.test.FiltraProdutoTest -->
