<?xml version="1.0" encoding="UTF-8"?>
<!-- Generated by org.testng.reporters.JUnitReportReporter -->
<testsuite skipped="0" hostname="RSI1594" name="br.com.rsinet.hub_tdd.test.PesquisaProdutoTest" tests="2" failures="0" timestamp="15 jan 2020 13:28:49 GMT" time="24.760" errors="0">
  <testcase name="deveProcurarProdutoPorHomePage" time="12.909" classname="br.com.rsinet.hub_tdd.test.PesquisaProdutoTest"/>
  <testcase name="naoDeveAddMaisDezProdutoNoCarrinhoDeCompras" time="11.851" classname="br.com.rsinet.hub_tdd.test.PesquisaProdutoTest"/>
</testsuite> <!-- br.com.rsinet.hub_tdd.test.PesquisaProdutoTest -->
