<?xml version="1.0" encoding="UTF-8"?>
<!-- Generated by org.testng.reporters.JUnitReportReporter -->
<testsuite skipped="0" hostname="RSI1594" name="br.com.rsinet.hub_tdd.test.PesquisaProdutoTest" tests="2" failures="0" timestamp="16 Jan 2020 19:30:53 GMT" time="25.099" errors="0">
  <testcase name="deveProcurarProdutoPorHomePage" time="13.161" classname="br.com.rsinet.hub_tdd.test.PesquisaProdutoTest"/>
  <testcase name="naoDeveAddMaisDezProdutoNoCarrinhoDeCompras" time="11.938" classname="br.com.rsinet.hub_tdd.test.PesquisaProdutoTest"/>
</testsuite> <!-- br.com.rsinet.hub_tdd.test.PesquisaProdutoTest -->
