<?xml version="1.0" encoding="UTF-8"?>
<!-- Generated by org.testng.reporters.JUnitReportReporter -->
<testsuite skipped="0" hostname="RSI1594" name="br.com.rsinet.hub_tdd.test.PesquisaProdutoTest" tests="2" failures="0" timestamp="23 Jan 2020 19:33:23 GMT" time="23.894" errors="0">
  <testcase name="deveProcurarProdutoPorHomePage" time="11.791" classname="br.com.rsinet.hub_tdd.test.PesquisaProdutoTest"/>
  <testcase name="naoDeveAddMaisDezProdutoNoCarrinhoDeCompras" time="12.103" classname="br.com.rsinet.hub_tdd.test.PesquisaProdutoTest"/>
</testsuite> <!-- br.com.rsinet.hub_tdd.test.PesquisaProdutoTest -->
