<?xml version="1.0" encoding="UTF-8"?>
<!-- Generated by org.testng.reporters.JUnitReportReporter -->
<testsuite skipped="0" hostname="RSI1594" name="br.com.rsinet.hub_tdd.test.FiltraProdutoTest" tests="2" failures="0" timestamp="15 jan 2020 13:26:46 GMT" time="25.848" errors="0">
  <testcase name="procuraProdutoExistentePelaLupaDePesquisa" time="13.474" classname="br.com.rsinet.hub_tdd.test.FiltraProdutoTest"/>
  <testcase name="procuraProdutoInexistentePelaLupaDePesquisa" time="12.374" classname="br.com.rsinet.hub_tdd.test.FiltraProdutoTest"/>
</testsuite> <!-- br.com.rsinet.hub_tdd.test.FiltraProdutoTest -->
