<?xml version="1.0" encoding="UTF-8"?>
<!-- Generated by org.testng.reporters.JUnitReportReporter -->
<testsuite skipped="0" hostname="RSI1594" name="br.com.rsinet.hub_tdd.test.CadastraUsuarioTest" tests="2" failures="0" timestamp="15 Jan 2020 19:53:10 GMT" time="29.455" errors="0">
  <testcase name="deveValidarCamposObrigatorioDoCadastroTest" time="14.673" classname="br.com.rsinet.hub_tdd.test.CadastraUsuarioTest"/>
  <testcase name="deveCadastrarUsuarioNovoTest" time="14.782" classname="br.com.rsinet.hub_tdd.test.CadastraUsuarioTest"/>
</testsuite> <!-- br.com.rsinet.hub_tdd.test.CadastraUsuarioTest -->
