<?xml version="1.0" encoding="UTF-8"?>
<!-- Generated by org.testng.reporters.JUnitReportReporter -->
<testsuite hostname="DESKTOP-U784KFP" failures="0" tests="2" name="br.com.rsinet.hub_tdd.test.CadastraUsuarioTest" time="39.526" errors="0" timestamp="17 Jan 2020 00:23:55 GMT" skipped="0">
  <testcase classname="br.com.rsinet.hub_tdd.test.CadastraUsuarioTest" name="deveCadastrarUsuarioNovoTest" time="20.824"/>
  <testcase classname="br.com.rsinet.hub_tdd.test.CadastraUsuarioTest" name="deveValidarCamposObrigatorioDoCadastroTest" time="18.702"/>
</testsuite> <!-- br.com.rsinet.hub_tdd.test.CadastraUsuarioTest -->
