<?xml version="1.0" encoding="UTF-8"?>
<!-- Generated by org.testng.reporters.JUnitReportReporter -->
<testsuite skipped="0" hostname="RSI1594" name="br.com.rsinet.hub_tdd.test.PesquisaProdutoTest" tests="2" failures="0" timestamp="22 Jan 2020 17:56:03 GMT" time="23.810" errors="0">
  <testcase name="naoDeveAddMaisDezProdutoNoCarrinhoDeCompras" time="11.912" classname="br.com.rsinet.hub_tdd.test.PesquisaProdutoTest"/>
  <testcase name="deveProcurarProdutoPorHomePage" time="11.898" classname="br.com.rsinet.hub_tdd.test.PesquisaProdutoTest"/>
</testsuite> <!-- br.com.rsinet.hub_tdd.test.PesquisaProdutoTest -->
