<?xml version="1.0" encoding="UTF-8"?>
<!-- Generated by org.testng.reporters.JUnitReportReporter -->
<testsuite hostname="DESKTOP-U784KFP" failures="0" tests="2" name="br.com.rsinet.hub_tdd.test.PesquisaProdutoTest" time="29.047" errors="0" timestamp="17 Jan 2020 00:20:15 GMT" skipped="0">
  <testcase classname="br.com.rsinet.hub_tdd.test.PesquisaProdutoTest" name="deveProcurarProdutoPorHomePage" time="12.741"/>
  <testcase classname="br.com.rsinet.hub_tdd.test.PesquisaProdutoTest" name="naoDeveAddMaisDezProdutoNoCarrinhoDeCompras" time="16.306"/>
</testsuite> <!-- br.com.rsinet.hub_tdd.test.PesquisaProdutoTest -->
