<?xml version="1.0" encoding="UTF-8"?>
<!-- Generated by org.testng.reporters.JUnitReportReporter -->
<testsuite skipped="0" hostname="RSI1594" name="br.com.rsinet.hub_tdd.test.PesquisaProdutoTest" tests="2" failures="0" timestamp="27 Jan 2020 13:13:07 GMT" time="23.694" errors="0">
  <testcase name="naoDeveAddMaisDezProdutoNoCarrinhoDeCompras" time="11.824" classname="br.com.rsinet.hub_tdd.test.PesquisaProdutoTest"/>
  <testcase name="deveProcurarProdutoPorHomePage" time="11.870" classname="br.com.rsinet.hub_tdd.test.PesquisaProdutoTest"/>
</testsuite> <!-- br.com.rsinet.hub_tdd.test.PesquisaProdutoTest -->
