<?xml version="1.0" encoding="UTF-8"?>
<!-- Generated by org.testng.reporters.JUnitReportReporter -->
<testsuite skipped="0" hostname="RSI1594" name="br.com.rsinet.hub_tdd.test.PesquisaProdutoTest" tests="2" failures="0" timestamp="16 Jan 2020 11:20:55 GMT" time="24.991" errors="0">
  <testcase name="deveProcurarProdutoPorHomePage" time="13.059" classname="br.com.rsinet.hub_tdd.test.PesquisaProdutoTest"/>
  <testcase name="naoDeveAddMaisDezProdutoNoCarrinhoDeCompras" time="11.932" classname="br.com.rsinet.hub_tdd.test.PesquisaProdutoTest"/>
</testsuite> <!-- br.com.rsinet.hub_tdd.test.PesquisaProdutoTest -->
